Watching for file changes with StatReloader
Watching for file changes with StatReloader
Watching for file changes with StatReloader
Watching for file changes with StatReloader
C:\Users\Renspike\Desktop\moist-django\mysite\urls.py changed, reloading.
Watching for file changes with StatReloader
C:\Users\Renspike\Desktop\moist-django\mysite\urls.py changed, reloading.
Watching for file changes with StatReloader
C:\Users\Renspike\Desktop\moist-django\mysite\urls.py changed, reloading.
Watching for file changes with StatReloader
Watching for file changes with StatReloader
C:\Users\Renspike\Desktop\moist-django\apps\core\__init__.py changed, reloading.
Watching for file changes with StatReloader
C:\Users\Renspike\Desktop\moist-django\apps\core\__init__.py changed, reloading.
Watching for file changes with StatReloader
C:\Users\Renspike\Desktop\moist-django\mysite\urls.py changed, reloading.
Watching for file changes with StatReloader
Watching for file changes with StatReloader
C:\Users\Renspike\Desktop\moist-django\mysite\urls.py changed, reloading.
Watching for file changes with StatReloader
C:\Users\Renspike\Desktop\moist-django\mysite\urls.py changed, reloading.
Watching for file changes with StatReloader
C:\Users\Renspike\Desktop\moist-django\mysite\urls.py changed, reloading.
Watching for file changes with StatReloader
C:\Users\Renspike\Desktop\moist-django\mysite\urls.py changed, reloading.
Watching for file changes with StatReloader
Watching for file changes with StatReloader
C:\Users\Renspike\Desktop\moist-django\mysite\urls.py changed, reloading.
Watching for file changes with StatReloader
C:\Users\Renspike\Desktop\moist-django\mysite\settings.py changed, reloading.
Watching for file changes with StatReloader
C:\Users\Renspike\Desktop\moist-django\mysite\settings.py changed, reloading.
Watching for file changes with StatReloader
C:\Users\Renspike\Desktop\moist-django\mysite\settings.py changed, reloading.
Watching for file changes with StatReloader
Not Found: /favicon.ico
C:\Users\Renspike\Desktop\moist-django\mysite\wsgi.py changed, reloading.
Watching for file changes with StatReloader
WSGI application loaded successfully.
Watching for file changes with StatReloader
WSGI application loaded successfully.
C:\Users\Renspike\Desktop\moist-django\mysite\settings.py changed, reloading.
